<?xml version="1.0" encoding="UTF-8"?>
<!-- Generated by org.testng.reporters.JUnitReportReporter -->
<testsuite hostname="DESKTOP-BGQSPU2" failures="0" tests="2" name="test.LoginTest" time="4.211" errors="0" timestamp="2022-06-22T20:56:58 IST" skipped="0">
  <testcase classname="test.LoginTest" name="verifyButton" time="0.412"/>
  <system-out/>
  <testcase classname="test.LoginTest" name="login" time="3.799"/>
  <system-out/>
</testsuite> <!-- test.LoginTest -->
